{"/Users/yagnesh.modh/Projects/zeolearn_suman/src/Todo/index.js": {"path":"/Users/yagnesh.modh/Projects/zeolearn_suman/src/Todo/index.js","statementMap":{"0":{"start":{"line":8,"column":21},"end":{"line":8,"column":23}},"1":{"start":{"line":10,"column":10},"end":{"line":17,"column":3}},"2":{"start":{"line":20,"column":4},"end":{"line":20,"column":17}},"3":{"start":{"line":21,"column":4},"end":{"line":21,"column":20}},"4":{"start":{"line":24,"column":13},"end":{"line":33,"column":3}},"5":{"start":{"line":25,"column":4},"end":{"line":32,"column":5}},"6":{"start":{"line":26,"column":18},"end":{"line":26,"column":63}},"7":{"start":{"line":27,"column":23},"end":{"line":27,"column":39}},"8":{"start":{"line":28,"column":6},"end":{"line":28,"column":44}},"9":{"start":{"line":31,"column":6},"end":{"line":31,"column":31}},"10":{"start":{"line":35,"column":15},"end":{"line":37,"column":3}},"11":{"start":{"line":36,"column":4},"end":{"line":36,"column":63}},"12":{"start":{"line":39,"column":12},"end":{"line":69,"column":3}},"13":{"start":{"line":40,"column":4},"end":{"line":68,"column":5}},"14":{"start":{"line":41,"column":6},"end":{"line":41,"column":29}},"15":{"start":{"line":43,"column":27},"end":{"line":43,"column":37}},"16":{"start":{"line":45,"column":18},"end":{"line":55,"column":8}},"17":{"start":{"line":57,"column":19},"end":{"line":57,"column":35}},"18":{"start":{"line":59,"column":6},"end":{"line":65,"column":9}},"19":{"start":{"line":60,"column":8},"end":{"line":64,"column":10}},"20":{"start":{"line":67,"column":6},"end":{"line":67,"column":31}},"21":{"start":{"line":71,"column":15},"end":{"line":85,"column":3}},"22":{"start":{"line":72,"column":4},"end":{"line":84,"column":5}},"23":{"start":{"line":73,"column":6},"end":{"line":75,"column":9}},"24":{"start":{"line":77,"column":6},"end":{"line":81,"column":9}},"25":{"start":{"line":78,"column":8},"end":{"line":80,"column":10}},"26":{"start":{"line":79,"column":47},"end":{"line":79,"column":63}},"27":{"start":{"line":83,"column":6},"end":{"line":83,"column":31}},"28":{"start":{"line":87,"column":15},"end":{"line":116,"column":3}},"29":{"start":{"line":88,"column":4},"end":{"line":115,"column":5}},"30":{"start":{"line":89,"column":18},"end":{"line":99,"column":7}},"31":{"start":{"line":101,"column":19},"end":{"line":101,"column":35}},"32":{"start":{"line":103,"column":27},"end":{"line":103,"column":37}},"33":{"start":{"line":105,"column":20},"end":{"line":105,"column":68}},"34":{"start":{"line":105,"column":44},"end":{"line":105,"column":67}},"35":{"start":{"line":106,"column":6},"end":{"line":112,"column":9}},"36":{"start":{"line":114,"column":6},"end":{"line":114,"column":31}},"37":{"start":{"line":118,"column":17},"end":{"line":120,"column":3}},"38":{"start":{"line":119,"column":4},"end":{"line":119,"column":38}},"39":{"start":{"line":123,"column":63},"end":{"line":123,"column":73}},"40":{"start":{"line":124,"column":4},"end":{"line":124,"column":24}},"41":{"start":{"line":126,"column":4},"end":{"line":128,"column":5}},"42":{"start":{"line":127,"column":6},"end":{"line":127,"column":38}},"43":{"start":{"line":130,"column":26},"end":{"line":138,"column":6}},"44":{"start":{"line":131,"column":6},"end":{"line":137,"column":7}},"45":{"start":{"line":132,"column":8},"end":{"line":132,"column":25}},"46":{"start":{"line":133,"column":13},"end":{"line":137,"column":7}},"47":{"start":{"line":134,"column":8},"end":{"line":134,"column":24}},"48":{"start":{"line":136,"column":8},"end":{"line":136,"column":20}},"49":{"start":{"line":140,"column":4},"end":{"line":154,"column":6}}},"fnMap":{"0":{"name":"(anonymous_0)","decl":{"start":{"line":19,"column":2},"end":{"line":19,"column":3}},"loc":{"start":{"line":19,"column":21},"end":{"line":22,"column":3}},"line":19},"1":{"name":"(anonymous_1)","decl":{"start":{"line":24,"column":13},"end":{"line":24,"column":14}},"loc":{"start":{"line":24,"column":25},"end":{"line":33,"column":3}},"line":24},"2":{"name":"(anonymous_2)","decl":{"start":{"line":35,"column":15},"end":{"line":35,"column":16}},"loc":{"start":{"line":35,"column":24},"end":{"line":37,"column":3}},"line":35},"3":{"name":"(anonymous_3)","decl":{"start":{"line":39,"column":12},"end":{"line":39,"column":13}},"loc":{"start":{"line":39,"column":27},"end":{"line":69,"column":3}},"line":39},"4":{"name":"(anonymous_4)","decl":{"start":{"line":59,"column":20},"end":{"line":59,"column":21}},"loc":{"start":{"line":59,"column":29},"end":{"line":65,"column":7}},"line":59},"5":{"name":"(anonymous_5)","decl":{"start":{"line":71,"column":15},"end":{"line":71,"column":16}},"loc":{"start":{"line":71,"column":29},"end":{"line":85,"column":3}},"line":71},"6":{"name":"(anonymous_6)","decl":{"start":{"line":77,"column":20},"end":{"line":77,"column":21}},"loc":{"start":{"line":77,"column":29},"end":{"line":81,"column":7}},"line":77},"7":{"name":"(anonymous_7)","decl":{"start":{"line":79,"column":42},"end":{"line":79,"column":43}},"loc":{"start":{"line":79,"column":47},"end":{"line":79,"column":63}},"line":79},"8":{"name":"(anonymous_8)","decl":{"start":{"line":87,"column":15},"end":{"line":87,"column":16}},"loc":{"start":{"line":87,"column":36},"end":{"line":116,"column":3}},"line":87},"9":{"name":"(anonymous_9)","decl":{"start":{"line":105,"column":39},"end":{"line":105,"column":40}},"loc":{"start":{"line":105,"column":44},"end":{"line":105,"column":67}},"line":105},"10":{"name":"(anonymous_10)","decl":{"start":{"line":118,"column":17},"end":{"line":118,"column":18}},"loc":{"start":{"line":118,"column":27},"end":{"line":120,"column":3}},"line":118},"11":{"name":"(anonymous_11)","decl":{"start":{"line":122,"column":2},"end":{"line":122,"column":3}},"loc":{"start":{"line":122,"column":11},"end":{"line":155,"column":3}},"line":122},"12":{"name":"(anonymous_12)","decl":{"start":{"line":130,"column":42},"end":{"line":130,"column":43}},"loc":{"start":{"line":130,"column":47},"end":{"line":138,"column":5}},"line":130}},"branchMap":{"0":{"loc":{"start":{"line":126,"column":4},"end":{"line":128,"column":5}},"type":"if","locations":[{"start":{"line":126,"column":4},"end":{"line":128,"column":5}},{"start":{"line":126,"column":4},"end":{"line":128,"column":5}}],"line":126},"1":{"loc":{"start":{"line":131,"column":6},"end":{"line":137,"column":7}},"type":"if","locations":[{"start":{"line":131,"column":6},"end":{"line":137,"column":7}},{"start":{"line":131,"column":6},"end":{"line":137,"column":7}}],"line":131},"2":{"loc":{"start":{"line":133,"column":13},"end":{"line":137,"column":7}},"type":"if","locations":[{"start":{"line":133,"column":13},"end":{"line":137,"column":7}},{"start":{"line":133,"column":13},"end":{"line":137,"column":7}}],"line":133}},"s":{"0":1,"1":5,"2":5,"3":5,"4":5,"5":5,"6":5,"7":0,"8":0,"9":5,"10":5,"11":0,"12":5,"13":0,"14":0,"15":0,"16":0,"17":0,"18":0,"19":0,"20":0,"21":5,"22":0,"23":0,"24":0,"25":0,"26":0,"27":0,"28":5,"29":0,"30":0,"31":0,"32":0,"33":0,"34":0,"35":0,"36":0,"37":5,"38":0,"39":9,"40":9,"41":9,"42":1,"43":8,"44":0,"45":0,"46":0,"47":0,"48":0,"49":8},"f":{"0":5,"1":5,"2":0,"3":0,"4":0,"5":0,"6":0,"7":0,"8":0,"9":0,"10":0,"11":9,"12":0},"b":{"0":[1,8],"1":[0,0],"2":[0,0]},"_coverageSchema":"43e27e138ebf9cfc5966b082cf9a028302ed4184","hash":"f1faf366e644ab76fef02745d35eaf36e1721ef1"}
,"/Users/yagnesh.modh/Projects/zeolearn_suman/src/Todo/todoForm.js": {"path":"/Users/yagnesh.modh/Projects/zeolearn_suman/src/Todo/todoForm.js","statementMap":{"0":{"start":{"line":3,"column":17},"end":{"line":19,"column":1}},"1":{"start":{"line":4,"column":2},"end":{"line":18,"column":4}}},"fnMap":{"0":{"name":"(anonymous_0)","decl":{"start":{"line":3,"column":17},"end":{"line":3,"column":18}},"loc":{"start":{"line":3,"column":56},"end":{"line":19,"column":1}},"line":3}},"branchMap":{},"s":{"0":2,"1":4},"f":{"0":4},"b":{},"_coverageSchema":"43e27e138ebf9cfc5966b082cf9a028302ed4184","hash":"15cdd9606f1ff4594d17c6597d1071ca5e857e44"}
,"/Users/yagnesh.modh/Projects/zeolearn_suman/src/Todo/todoList.js": {"path":"/Users/yagnesh.modh/Projects/zeolearn_suman/src/Todo/todoList.js","statementMap":{"0":{"start":{"line":5,"column":10},"end":{"line":7,"column":3}},"1":{"start":{"line":9,"column":15},"end":{"line":11,"column":3}},"2":{"start":{"line":10,"column":4},"end":{"line":10,"column":36}},"3":{"start":{"line":13,"column":26},"end":{"line":18,"column":3}},"4":{"start":{"line":14,"column":23},"end":{"line":14,"column":33}},"5":{"start":{"line":15,"column":4},"end":{"line":17,"column":7}},"6":{"start":{"line":21,"column":46},"end":{"line":21,"column":56}},"7":{"start":{"line":22,"column":23},"end":{"line":22,"column":33}},"8":{"start":{"line":23,"column":4},"end":{"line":63,"column":6}},"9":{"start":{"line":26,"column":10},"end":{"line":60,"column":16}},"10":{"start":{"line":30,"column":30},"end":{"line":30,"column":75}},"11":{"start":{"line":39,"column":18},"end":{"line":39,"column":37}},"12":{"start":{"line":40,"column":18},"end":{"line":40,"column":40}},"13":{"start":{"line":54,"column":49},"end":{"line":54,"column":70}},"14":{"start":{"line":57,"column":49},"end":{"line":57,"column":65}}},"fnMap":{"0":{"name":"(anonymous_0)","decl":{"start":{"line":9,"column":15},"end":{"line":9,"column":16}},"loc":{"start":{"line":9,"column":23},"end":{"line":11,"column":3}},"line":9},"1":{"name":"(anonymous_1)","decl":{"start":{"line":13,"column":26},"end":{"line":13,"column":27}},"loc":{"start":{"line":13,"column":35},"end":{"line":18,"column":3}},"line":13},"2":{"name":"(anonymous_2)","decl":{"start":{"line":20,"column":2},"end":{"line":20,"column":3}},"loc":{"start":{"line":20,"column":11},"end":{"line":64,"column":3}},"line":20},"3":{"name":"(anonymous_3)","decl":{"start":{"line":25,"column":19},"end":{"line":25,"column":20}},"loc":{"start":{"line":26,"column":10},"end":{"line":60,"column":16}},"line":26},"4":{"name":"(anonymous_4)","decl":{"start":{"line":30,"column":24},"end":{"line":30,"column":25}},"loc":{"start":{"line":30,"column":30},"end":{"line":30,"column":75}},"line":30},"5":{"name":"(anonymous_5)","decl":{"start":{"line":38,"column":24},"end":{"line":38,"column":25}},"loc":{"start":{"line":38,"column":30},"end":{"line":41,"column":17}},"line":38},"6":{"name":"(anonymous_6)","decl":{"start":{"line":54,"column":43},"end":{"line":54,"column":44}},"loc":{"start":{"line":54,"column":49},"end":{"line":54,"column":70}},"line":54},"7":{"name":"(anonymous_7)","decl":{"start":{"line":57,"column":43},"end":{"line":57,"column":44}},"loc":{"start":{"line":57,"column":49},"end":{"line":57,"column":65}},"line":57}},"branchMap":{"0":{"loc":{"start":{"line":32,"column":13},"end":{"line":53,"column":13}},"type":"cond-expr","locations":[{"start":{"line":33,"column":14},"end":{"line":42,"column":16}},{"start":{"line":44,"column":14},"end":{"line":52,"column":21}}],"line":32},"1":{"loc":{"start":{"line":32,"column":13},"end":{"line":32,"column":44}},"type":"binary-expr","locations":[{"start":{"line":32,"column":13},"end":{"line":32,"column":19}},{"start":{"line":32,"column":23},"end":{"line":32,"column":44}}],"line":32}},"s":{"0":0,"1":0,"2":0,"3":0,"4":0,"5":0,"6":0,"7":0,"8":0,"9":0,"10":0,"11":0,"12":0,"13":0,"14":0},"f":{"0":0,"1":0,"2":0,"3":0,"4":0,"5":0,"6":0,"7":0},"b":{"0":[0,0],"1":[0,0]},"_coverageSchema":"43e27e138ebf9cfc5966b082cf9a028302ed4184","hash":"64cb1d0a987b900894e939253d64d9ce77b860ab"}
,"/Users/yagnesh.modh/Projects/zeolearn_suman/src/Todo/todoStatus.js": {"path":"/Users/yagnesh.modh/Projects/zeolearn_suman/src/Todo/todoStatus.js","statementMap":{"0":{"start":{"line":4,"column":19},"end":{"line":30,"column":1}},"1":{"start":{"line":5,"column":2},"end":{"line":29,"column":4}},"2":{"start":{"line":10,"column":23},"end":{"line":10,"column":42}},"3":{"start":{"line":17,"column":23},"end":{"line":17,"column":46}},"4":{"start":{"line":24,"column":23},"end":{"line":24,"column":48}},"5":{"start":{"line":32,"column":0},"end":{"line":32,"column":26}}},"fnMap":{"0":{"name":"(anonymous_0)","decl":{"start":{"line":4,"column":19},"end":{"line":4,"column":20}},"loc":{"start":{"line":4,"column":41},"end":{"line":30,"column":1}},"line":4},"1":{"name":"(anonymous_1)","decl":{"start":{"line":10,"column":17},"end":{"line":10,"column":18}},"loc":{"start":{"line":10,"column":23},"end":{"line":10,"column":42}},"line":10},"2":{"name":"(anonymous_2)","decl":{"start":{"line":17,"column":17},"end":{"line":17,"column":18}},"loc":{"start":{"line":17,"column":23},"end":{"line":17,"column":46}},"line":17},"3":{"name":"(anonymous_3)","decl":{"start":{"line":24,"column":17},"end":{"line":24,"column":18}},"loc":{"start":{"line":24,"column":23},"end":{"line":24,"column":48}},"line":24}},"branchMap":{},"s":{"0":1,"1":0,"2":0,"3":0,"4":0,"5":1},"f":{"0":0,"1":0,"2":0,"3":0},"b":{},"_coverageSchema":"43e27e138ebf9cfc5966b082cf9a028302ed4184","hash":"ca23163232b6ce8af1ded951b26dccb5166a9573"}
}
