TN:
SF:/Users/yagnesh.modh/Projects/zeolearn_suman/src/Todo/index.js
FN:19,(anonymous_0)
FN:24,(anonymous_1)
FN:35,(anonymous_2)
FN:39,(anonymous_3)
FN:59,(anonymous_4)
FN:71,(anonymous_5)
FN:77,(anonymous_6)
FN:79,(anonymous_7)
FN:87,(anonymous_8)
FN:105,(anonymous_9)
FN:118,(anonymous_10)
FN:122,(anonymous_11)
FN:130,(anonymous_12)
FNF:13
FNH:3
FNDA:1,(anonymous_0)
FNDA:1,(anonymous_1)
FNDA:0,(anonymous_2)
FNDA:0,(anonymous_3)
FNDA:0,(anonymous_4)
FNDA:0,(anonymous_5)
FNDA:0,(anonymous_6)
FNDA:0,(anonymous_7)
FNDA:0,(anonymous_8)
FNDA:0,(anonymous_9)
FNDA:0,(anonymous_10)
FNDA:2,(anonymous_11)
FNDA:0,(anonymous_12)
DA:8,1
DA:10,1
DA:20,1
DA:21,1
DA:24,1
DA:25,1
DA:26,1
DA:27,0
DA:28,0
DA:31,1
DA:35,1
DA:36,0
DA:39,1
DA:40,0
DA:41,0
DA:43,0
DA:45,0
DA:57,0
DA:59,0
DA:60,0
DA:67,0
DA:71,1
DA:72,0
DA:73,0
DA:77,0
DA:78,0
DA:79,0
DA:83,0
DA:87,1
DA:88,0
DA:89,0
DA:101,0
DA:103,0
DA:105,0
DA:106,0
DA:114,0
DA:118,1
DA:119,0
DA:123,2
DA:124,2
DA:126,2
DA:127,1
DA:130,1
DA:131,0
DA:132,0
DA:133,0
DA:134,0
DA:136,0
DA:140,1
LF:49
LH:19
BRDA:126,0,0,1
BRDA:126,0,1,1
BRDA:131,1,0,0
BRDA:131,1,1,0
BRDA:133,2,0,0
BRDA:133,2,1,0
BRF:6
BRH:2
end_of_record
TN:
SF:/Users/yagnesh.modh/Projects/zeolearn_suman/src/Todo/todoForm.js
FN:3,(anonymous_0)
FNF:1
FNH:0
FNDA:0,(anonymous_0)
DA:3,1
DA:4,0
LF:2
LH:1
BRF:0
BRH:0
end_of_record
TN:
SF:/Users/yagnesh.modh/Projects/zeolearn_suman/src/Todo/todoList.js
FN:9,(anonymous_0)
FN:13,(anonymous_1)
FN:20,(anonymous_2)
FN:25,(anonymous_3)
FN:30,(anonymous_4)
FN:38,(anonymous_5)
FN:54,(anonymous_6)
FN:57,(anonymous_7)
FNF:8
FNH:0
FNDA:0,(anonymous_0)
FNDA:0,(anonymous_1)
FNDA:0,(anonymous_2)
FNDA:0,(anonymous_3)
FNDA:0,(anonymous_4)
FNDA:0,(anonymous_5)
FNDA:0,(anonymous_6)
FNDA:0,(anonymous_7)
DA:5,0
DA:9,0
DA:10,0
DA:13,0
DA:14,0
DA:15,0
DA:21,0
DA:22,0
DA:23,0
DA:26,0
DA:30,0
DA:39,0
DA:40,0
DA:54,0
DA:57,0
LF:15
LH:0
BRDA:32,0,0,0
BRDA:32,0,1,0
BRDA:32,1,0,0
BRDA:32,1,1,0
BRF:4
BRH:0
end_of_record
TN:
SF:/Users/yagnesh.modh/Projects/zeolearn_suman/src/Todo/todoStatus.js
FN:4,(anonymous_0)
FN:10,(anonymous_1)
FN:17,(anonymous_2)
FN:24,(anonymous_3)
FNF:4
FNH:0
FNDA:0,(anonymous_0)
FNDA:0,(anonymous_1)
FNDA:0,(anonymous_2)
FNDA:0,(anonymous_3)
DA:4,1
DA:5,0
DA:10,0
DA:17,0
DA:24,0
DA:32,1
LF:6
LH:2
BRF:0
BRH:0
end_of_record
